2025-04-09 12:52:17,945:WARNING:
'cuml' is a soft dependency and not included in the pycaret installation. Please run: `pip install cuml` to install.
2025-04-09 12:52:17,945:WARNING:
'cuml' is a soft dependency and not included in the pycaret installation. Please run: `pip install cuml` to install.
2025-04-09 12:52:17,945:WARNING:
'cuml' is a soft dependency and not included in the pycaret installation. Please run: `pip install cuml` to install.
2025-04-09 12:52:17,945:WARNING:
'cuml' is a soft dependency and not included in the pycaret installation. Please run: `pip install cuml` to install.
2025-04-09 12:53:19,455:WARNING:
'cuml' is a soft dependency and not included in the pycaret installation. Please run: `pip install cuml` to install.
2025-04-09 12:53:19,455:WARNING:
'cuml' is a soft dependency and not included in the pycaret installation. Please run: `pip install cuml` to install.
2025-04-09 12:53:19,455:WARNING:
'cuml' is a soft dependency and not included in the pycaret installation. Please run: `pip install cuml` to install.
2025-04-09 12:53:19,455:WARNING:
'cuml' is a soft dependency and not included in the pycaret installation. Please run: `pip install cuml` to install.
2025-04-09 12:53:29,318:INFO:PyCaret RegressionExperiment
2025-04-09 12:53:29,318:INFO:Logging name: reg-default-name
2025-04-09 12:53:29,318:INFO:ML Usecase: MLUsecase.REGRESSION
2025-04-09 12:53:29,318:INFO:version 3.3.2
2025-04-09 12:53:29,318:INFO:Initializing setup()
2025-04-09 12:53:29,318:INFO:self.USI: 6f1e
2025-04-09 12:53:29,318:INFO:self._variable_keys: {'y_test', 'fold_generator', 'target_param', 'fold_groups_param', 'X_test', 'html_param', 'data', 'gpu_param', '_available_plots', 'memory', 'X', 'y_train', 'exp_id', 'idx', 'log_plots_param', 'fold_shuffle_param', 'logging_param', 'X_train', 'exp_name_log', 'transform_target_param', '_ml_usecase', 'n_jobs_param', 'USI', 'y', 'gpu_n_jobs_param', 'pipeline', 'seed'}
2025-04-09 12:53:29,318:INFO:Checking environment
2025-04-09 12:53:29,318:INFO:python_version: 3.9.21
2025-04-09 12:53:29,318:INFO:python_build: ('main', 'Dec 11 2024 16:35:24')
2025-04-09 12:53:29,318:INFO:machine: AMD64
2025-04-09 12:53:29,318:INFO:platform: Windows-10-10.0.22631-SP0
2025-04-09 12:53:29,318:INFO:Memory: svmem(total=16831733760, available=7716167680, percent=54.2, used=9115566080, free=7716167680)
2025-04-09 12:53:29,318:INFO:Physical Core: 12
2025-04-09 12:53:29,318:INFO:Logical Core: 16
2025-04-09 12:53:29,318:INFO:Checking libraries
2025-04-09 12:53:29,318:INFO:System:
2025-04-09 12:53:29,318:INFO:    python: 3.9.21 (main, Dec 11 2024, 16:35:24) [MSC v.1929 64 bit (AMD64)]
2025-04-09 12:53:29,318:INFO:executable: C:\Users\Hp\anaconda3\envs\AutoLLM\python.exe
2025-04-09 12:53:29,318:INFO:   machine: Windows-10-10.0.22631-SP0
2025-04-09 12:53:29,318:INFO:PyCaret required dependencies:
2025-04-09 12:53:29,340:INFO:                 pip: 24.2
2025-04-09 12:53:29,340:INFO:          setuptools: 75.1.0
2025-04-09 12:53:29,340:INFO:             pycaret: 3.3.2
2025-04-09 12:53:29,340:INFO:             IPython: 8.12.3
2025-04-09 12:53:29,340:INFO:          ipywidgets: 8.1.5
2025-04-09 12:53:29,340:INFO:                tqdm: 4.67.1
2025-04-09 12:53:29,340:INFO:               numpy: 1.26.4
2025-04-09 12:53:29,340:INFO:              pandas: 2.2.3
2025-04-09 12:53:29,340:INFO:              jinja2: 3.1.5
2025-04-09 12:53:29,340:INFO:               scipy: 1.11.4
2025-04-09 12:53:29,340:INFO:              joblib: 1.3.2
2025-04-09 12:53:29,340:INFO:             sklearn: 1.4.2
2025-04-09 12:53:29,340:INFO:                pyod: 2.0.3
2025-04-09 12:53:29,340:INFO:            imblearn: 0.12.4
2025-04-09 12:53:29,340:INFO:   category_encoders: 2.6.4
2025-04-09 12:53:29,340:INFO:            lightgbm: 4.5.0
2025-04-09 12:53:29,340:INFO:               numba: 0.60.0
2025-04-09 12:53:29,340:INFO:            requests: 2.32.3
2025-04-09 12:53:29,340:INFO:          matplotlib: 3.7.5
2025-04-09 12:53:29,340:INFO:          scikitplot: 0.3.7
2025-04-09 12:53:29,355:INFO:         yellowbrick: 1.5
2025-04-09 12:53:29,355:INFO:              plotly: 5.24.1
2025-04-09 12:53:29,355:INFO:    plotly-resampler: Not installed
2025-04-09 12:53:29,355:INFO:             kaleido: 0.2.1
2025-04-09 12:53:29,355:INFO:           schemdraw: 0.15
2025-04-09 12:53:29,355:INFO:         statsmodels: 0.14.4
2025-04-09 12:53:29,355:INFO:              sktime: 0.26.0
2025-04-09 12:53:29,355:INFO:               tbats: 1.1.3
2025-04-09 12:53:29,355:INFO:            pmdarima: 2.0.4
2025-04-09 12:53:29,355:INFO:              psutil: 6.1.1
2025-04-09 12:53:29,355:INFO:          markupsafe: 3.0.2
2025-04-09 12:53:29,355:INFO:             pickle5: Not installed
2025-04-09 12:53:29,355:INFO:         cloudpickle: 3.0.0
2025-04-09 12:53:29,355:INFO:         deprecation: 2.1.0
2025-04-09 12:53:29,355:INFO:              xxhash: 3.5.0
2025-04-09 12:53:29,355:INFO:           wurlitzer: Not installed
2025-04-09 12:53:29,355:INFO:PyCaret optional dependencies:
2025-04-09 12:53:29,355:INFO:                shap: Not installed
2025-04-09 12:53:29,355:INFO:           interpret: Not installed
2025-04-09 12:53:29,355:INFO:                umap: Not installed
2025-04-09 12:53:29,355:INFO:     ydata_profiling: Not installed
2025-04-09 12:53:29,355:INFO:  explainerdashboard: Not installed
2025-04-09 12:53:29,355:INFO:             autoviz: Not installed
2025-04-09 12:53:29,355:INFO:           fairlearn: Not installed
2025-04-09 12:53:29,355:INFO:          deepchecks: Not installed
2025-04-09 12:53:29,355:INFO:             xgboost: Not installed
2025-04-09 12:53:29,355:INFO:            catboost: Not installed
2025-04-09 12:53:29,355:INFO:              kmodes: Not installed
2025-04-09 12:53:29,355:INFO:             mlxtend: Not installed
2025-04-09 12:53:29,355:INFO:       statsforecast: Not installed
2025-04-09 12:53:29,355:INFO:        tune_sklearn: Not installed
2025-04-09 12:53:29,355:INFO:                 ray: Not installed
2025-04-09 12:53:29,355:INFO:            hyperopt: Not installed
2025-04-09 12:53:29,355:INFO:              optuna: Not installed
2025-04-09 12:53:29,355:INFO:               skopt: Not installed
2025-04-09 12:53:29,355:INFO:              mlflow: Not installed
2025-04-09 12:53:29,355:INFO:              gradio: Not installed
2025-04-09 12:53:29,355:INFO:             fastapi: Not installed
2025-04-09 12:53:29,355:INFO:             uvicorn: Not installed
2025-04-09 12:53:29,355:INFO:              m2cgen: Not installed
2025-04-09 12:53:29,355:INFO:           evidently: Not installed
2025-04-09 12:53:29,355:INFO:               fugue: Not installed
2025-04-09 12:53:29,355:INFO:           streamlit: Not installed
2025-04-09 12:53:29,355:INFO:             prophet: Not installed
2025-04-09 12:53:29,355:INFO:None
2025-04-09 12:53:29,355:INFO:Set up data.
2025-04-09 12:53:29,355:INFO:Set up folding strategy.
2025-04-09 12:53:29,355:INFO:Set up train/test split.
2025-04-09 12:53:29,370:INFO:Set up index.
2025-04-09 12:53:29,371:INFO:Assigning column types.
2025-04-09 12:53:29,371:INFO:Engine successfully changes for model 'lr' to 'sklearn'.
2025-04-09 12:53:29,371:INFO:Engine for model 'lasso' has not been set explicitly, hence returning None.
2025-04-09 12:53:29,371:INFO:Engine for model 'ridge' has not been set explicitly, hence returning None.
2025-04-09 12:53:29,371:INFO:Engine for model 'en' has not been set explicitly, hence returning None.
2025-04-09 12:53:29,465:INFO:Engine for model 'svm' has not been set explicitly, hence returning None.
2025-04-09 12:53:29,528:INFO:Engine for model 'knn' has not been set explicitly, hence returning None.
2025-04-09 12:53:29,543:WARNING:
'xgboost' is a soft dependency and not included in the pycaret installation. Please run: `pip install xgboost` to install.
Alternately, you can install this by running `pip install pycaret[models]`
2025-04-09 12:53:29,543:WARNING:
'catboost' is a soft dependency and not included in the pycaret installation. Please run: `pip install catboost` to install.
Alternately, you can install this by running `pip install pycaret[models]`
2025-04-09 12:53:29,543:INFO:Engine for model 'lasso' has not been set explicitly, hence returning None.
2025-04-09 12:53:29,543:INFO:Engine for model 'ridge' has not been set explicitly, hence returning None.
2025-04-09 12:53:29,559:INFO:Engine for model 'en' has not been set explicitly, hence returning None.
2025-04-09 12:53:29,654:INFO:Engine for model 'svm' has not been set explicitly, hence returning None.
2025-04-09 12:53:29,717:INFO:Engine for model 'knn' has not been set explicitly, hence returning None.
2025-04-09 12:53:29,717:WARNING:
'xgboost' is a soft dependency and not included in the pycaret installation. Please run: `pip install xgboost` to install.
Alternately, you can install this by running `pip install pycaret[models]`
2025-04-09 12:53:29,717:WARNING:
'catboost' is a soft dependency and not included in the pycaret installation. Please run: `pip install catboost` to install.
Alternately, you can install this by running `pip install pycaret[models]`
2025-04-09 12:53:29,733:INFO:Engine successfully changes for model 'lasso' to 'sklearn'.
2025-04-09 12:53:29,733:INFO:Engine for model 'ridge' has not been set explicitly, hence returning None.
2025-04-09 12:53:29,733:INFO:Engine for model 'en' has not been set explicitly, hence returning None.
2025-04-09 12:53:29,843:INFO:Engine for model 'svm' has not been set explicitly, hence returning None.
2025-04-09 12:53:29,906:INFO:Engine for model 'knn' has not been set explicitly, hence returning None.
2025-04-09 12:53:29,906:WARNING:
'xgboost' is a soft dependency and not included in the pycaret installation. Please run: `pip install xgboost` to install.
Alternately, you can install this by running `pip install pycaret[models]`
2025-04-09 12:53:29,906:WARNING:
'catboost' is a soft dependency and not included in the pycaret installation. Please run: `pip install catboost` to install.
Alternately, you can install this by running `pip install pycaret[models]`
2025-04-09 12:53:29,922:INFO:Engine for model 'ridge' has not been set explicitly, hence returning None.
2025-04-09 12:53:29,922:INFO:Engine for model 'en' has not been set explicitly, hence returning None.
2025-04-09 12:53:30,017:INFO:Engine for model 'svm' has not been set explicitly, hence returning None.
2025-04-09 12:53:30,095:INFO:Engine for model 'knn' has not been set explicitly, hence returning None.
2025-04-09 12:53:30,095:WARNING:
'xgboost' is a soft dependency and not included in the pycaret installation. Please run: `pip install xgboost` to install.
Alternately, you can install this by running `pip install pycaret[models]`
2025-04-09 12:53:30,095:WARNING:
'catboost' is a soft dependency and not included in the pycaret installation. Please run: `pip install catboost` to install.
Alternately, you can install this by running `pip install pycaret[models]`
2025-04-09 12:53:30,095:INFO:Engine successfully changes for model 'ridge' to 'sklearn'.
2025-04-09 12:53:30,111:INFO:Engine for model 'en' has not been set explicitly, hence returning None.
2025-04-09 12:53:30,221:INFO:Engine for model 'svm' has not been set explicitly, hence returning None.
2025-04-09 12:53:30,284:INFO:Engine for model 'knn' has not been set explicitly, hence returning None.
2025-04-09 12:53:30,284:WARNING:
'xgboost' is a soft dependency and not included in the pycaret installation. Please run: `pip install xgboost` to install.
Alternately, you can install this by running `pip install pycaret[models]`
2025-04-09 12:53:30,284:WARNING:
'catboost' is a soft dependency and not included in the pycaret installation. Please run: `pip install catboost` to install.
Alternately, you can install this by running `pip install pycaret[models]`
2025-04-09 12:53:30,300:INFO:Engine for model 'en' has not been set explicitly, hence returning None.
2025-04-09 12:53:30,394:INFO:Engine for model 'svm' has not been set explicitly, hence returning None.
2025-04-09 12:53:30,473:INFO:Engine for model 'knn' has not been set explicitly, hence returning None.
2025-04-09 12:53:30,473:WARNING:
'xgboost' is a soft dependency and not included in the pycaret installation. Please run: `pip install xgboost` to install.
Alternately, you can install this by running `pip install pycaret[models]`
2025-04-09 12:53:30,473:WARNING:
'catboost' is a soft dependency and not included in the pycaret installation. Please run: `pip install catboost` to install.
Alternately, you can install this by running `pip install pycaret[models]`
2025-04-09 12:53:30,473:INFO:Engine successfully changes for model 'en' to 'sklearn'.
2025-04-09 12:53:30,600:INFO:Engine for model 'svm' has not been set explicitly, hence returning None.
2025-04-09 12:53:30,674:INFO:Engine for model 'knn' has not been set explicitly, hence returning None.
2025-04-09 12:53:30,674:WARNING:
'xgboost' is a soft dependency and not included in the pycaret installation. Please run: `pip install xgboost` to install.
Alternately, you can install this by running `pip install pycaret[models]`
2025-04-09 12:53:30,674:WARNING:
'catboost' is a soft dependency and not included in the pycaret installation. Please run: `pip install catboost` to install.
Alternately, you can install this by running `pip install pycaret[models]`
2025-04-09 12:53:30,789:INFO:Engine for model 'svm' has not been set explicitly, hence returning None.
2025-04-09 12:53:30,852:INFO:Engine for model 'knn' has not been set explicitly, hence returning None.
2025-04-09 12:53:30,962:WARNING:
'xgboost' is a soft dependency and not included in the pycaret installation. Please run: `pip install xgboost` to install.
Alternately, you can install this by running `pip install pycaret[models]`
2025-04-09 12:53:30,975:WARNING:
'catboost' is a soft dependency and not included in the pycaret installation. Please run: `pip install catboost` to install.
Alternately, you can install this by running `pip install pycaret[models]`
2025-04-09 12:53:30,975:INFO:Engine successfully changes for model 'knn' to 'sklearn'.
2025-04-09 12:53:31,075:INFO:Engine for model 'svm' has not been set explicitly, hence returning None.
2025-04-09 12:53:31,151:WARNING:
'xgboost' is a soft dependency and not included in the pycaret installation. Please run: `pip install xgboost` to install.
Alternately, you can install this by running `pip install pycaret[models]`
2025-04-09 12:53:31,151:WARNING:
'catboost' is a soft dependency and not included in the pycaret installation. Please run: `pip install catboost` to install.
Alternately, you can install this by running `pip install pycaret[models]`
2025-04-09 12:53:31,276:INFO:Engine for model 'svm' has not been set explicitly, hence returning None.
2025-04-09 12:53:31,340:WARNING:
'xgboost' is a soft dependency and not included in the pycaret installation. Please run: `pip install xgboost` to install.
Alternately, you can install this by running `pip install pycaret[models]`
2025-04-09 12:53:31,340:WARNING:
'catboost' is a soft dependency and not included in the pycaret installation. Please run: `pip install catboost` to install.
Alternately, you can install this by running `pip install pycaret[models]`
2025-04-09 12:53:31,340:INFO:Engine successfully changes for model 'svm' to 'sklearn'.
2025-04-09 12:53:31,529:WARNING:
'xgboost' is a soft dependency and not included in the pycaret installation. Please run: `pip install xgboost` to install.
Alternately, you can install this by running `pip install pycaret[models]`
2025-04-09 12:53:31,529:WARNING:
'catboost' is a soft dependency and not included in the pycaret installation. Please run: `pip install catboost` to install.
Alternately, you can install this by running `pip install pycaret[models]`
2025-04-09 12:53:31,727:WARNING:
'xgboost' is a soft dependency and not included in the pycaret installation. Please run: `pip install xgboost` to install.
Alternately, you can install this by running `pip install pycaret[models]`
2025-04-09 12:53:31,727:WARNING:
'catboost' is a soft dependency and not included in the pycaret installation. Please run: `pip install catboost` to install.
Alternately, you can install this by running `pip install pycaret[models]`
2025-04-09 12:53:31,734:INFO:Preparing preprocessing pipeline...
2025-04-09 12:53:31,734:INFO:Set up simple imputation.
2025-04-09 12:53:31,781:INFO:Finished creating preprocessing pipeline.
2025-04-09 12:53:31,797:INFO:Pipeline: Pipeline(memory=FastMemory(location=C:\Users\Hp\AppData\Local\Temp\joblib),
         steps=[('numerical_imputer',
                 TransformerWrapper(include=['num__Square_Footage',
                                             'num__Num_Bedrooms',
                                             'num__Num_Bathrooms',
                                             'num__Year_Built', 'num__Lot_Size',
                                             'num__Garage_Size',
                                             'num__Neighborhood_Quality'],
                                    transformer=SimpleImputer())),
                ('categorical_imputer',
                 TransformerWrapper(include=[],
                                    transformer=SimpleImputer(strategy='most_frequent')))])
2025-04-09 12:53:31,797:INFO:Creating final display dataframe.
2025-04-09 12:53:31,907:INFO:Setup _display_container:                     Description             Value
0                    Session id              7288
1                        Target       House_Price
2                   Target type        Regression
3           Original data shape          (800, 8)
4        Transformed data shape          (800, 8)
5   Transformed train set shape          (560, 8)
6    Transformed test set shape          (240, 8)
7              Numeric features                 7
8                    Preprocess              True
9               Imputation type            simple
10           Numeric imputation              mean
11       Categorical imputation              mode
12               Fold Generator             KFold
13                  Fold Number                 5
14                     CPU Jobs                -1
15                      Use GPU             False
16               Log Experiment             False
17              Experiment Name  reg-default-name
18                          USI              6f1e
2025-04-09 12:53:32,096:WARNING:
'xgboost' is a soft dependency and not included in the pycaret installation. Please run: `pip install xgboost` to install.
Alternately, you can install this by running `pip install pycaret[models]`
2025-04-09 12:53:32,096:WARNING:
'catboost' is a soft dependency and not included in the pycaret installation. Please run: `pip install catboost` to install.
Alternately, you can install this by running `pip install pycaret[models]`
2025-04-09 12:53:32,285:WARNING:
'xgboost' is a soft dependency and not included in the pycaret installation. Please run: `pip install xgboost` to install.
Alternately, you can install this by running `pip install pycaret[models]`
2025-04-09 12:53:32,285:WARNING:
'catboost' is a soft dependency and not included in the pycaret installation. Please run: `pip install catboost` to install.
Alternately, you can install this by running `pip install pycaret[models]`
2025-04-09 12:53:32,285:INFO:setup() successfully completed in 2.98s...............
2025-04-09 12:53:32,285:INFO:Initializing compare_models()
2025-04-09 12:53:32,285:INFO:compare_models(self=<pycaret.regression.oop.RegressionExperiment object at 0x000001EA79E3ED90>, include=None, fold=None, round=4, cross_validation=True, sort=R2, n_select=1, budget_time=None, turbo=True, errors=ignore, fit_kwargs=None, groups=None, experiment_custom_tags=None, probability_threshold=None, verbose=True, parallel=None, caller_params={'self': <pycaret.regression.oop.RegressionExperiment object at 0x000001EA79E3ED90>, 'include': None, 'exclude': None, 'fold': None, 'round': 4, 'cross_validation': True, 'sort': 'R2', 'n_select': 1, 'budget_time': None, 'turbo': True, 'errors': 'ignore', 'fit_kwargs': None, 'groups': None, 'experiment_custom_tags': None, 'engine': None, 'verbose': True, 'parallel': None, '__class__': <class 'pycaret.regression.oop.RegressionExperiment'>}, exclude=None)
2025-04-09 12:53:32,285:INFO:Checking exceptions
2025-04-09 12:53:32,285:INFO:Preparing display monitor
2025-04-09 12:53:32,308:INFO:Initializing Linear Regression
2025-04-09 12:53:32,308:INFO:Total runtime is 0.0 minutes
2025-04-09 12:53:32,308:INFO:SubProcess create_model() called ==================================
2025-04-09 12:53:32,308:INFO:Initializing create_model()
2025-04-09 12:53:32,308:INFO:create_model(self=<pycaret.regression.oop.RegressionExperiment object at 0x000001EA79E3ED90>, estimator=lr, fold=KFold(n_splits=5, random_state=None, shuffle=False), round=4, cross_validation=True, predict=True, fit_kwargs={}, groups=None, refit=False, probability_threshold=None, experiment_custom_tags=None, verbose=False, system=False, add_to_model_list=True, metrics=None, display=<pycaret.internal.display.display.CommonDisplay object at 0x000001EA7A01E8B0>, model_only=True, return_train_score=False, error_score=0.0, kwargs={})
2025-04-09 12:53:32,308:INFO:Checking exceptions
2025-04-09 12:53:32,308:INFO:Importing libraries
2025-04-09 12:53:32,308:INFO:Copying training dataset
2025-04-09 12:53:32,308:INFO:Defining folds
2025-04-09 12:53:32,308:INFO:Declaring metric variables
2025-04-09 12:53:32,308:INFO:Importing untrained model
2025-04-09 12:53:32,308:INFO:Linear Regression Imported successfully
2025-04-09 12:53:32,317:INFO:Starting cross validation
2025-04-09 12:53:32,317:INFO:Cross validating with KFold(n_splits=5, random_state=None, shuffle=False), n_jobs=-1
2025-04-09 12:53:37,765:INFO:Calculating mean and std
2025-04-09 12:53:37,776:INFO:Creating metrics dataframe
2025-04-09 12:53:37,780:INFO:Uploading results into container
2025-04-09 12:53:37,780:INFO:Uploading model into container now
2025-04-09 12:53:37,780:INFO:_master_model_container: 1
2025-04-09 12:53:37,780:INFO:_display_container: 2
2025-04-09 12:53:37,784:INFO:LinearRegression(n_jobs=-1)
2025-04-09 12:53:37,784:INFO:create_model() successfully completed......................................
2025-04-09 12:53:37,906:INFO:SubProcess create_model() end ==================================
2025-04-09 12:53:37,906:INFO:Creating metrics dataframe
2025-04-09 12:53:37,906:INFO:Initializing Lasso Regression
2025-04-09 12:53:37,906:INFO:Total runtime is 0.0933013916015625 minutes
2025-04-09 12:53:37,906:INFO:SubProcess create_model() called ==================================
2025-04-09 12:53:37,906:INFO:Initializing create_model()
2025-04-09 12:53:37,906:INFO:create_model(self=<pycaret.regression.oop.RegressionExperiment object at 0x000001EA79E3ED90>, estimator=lasso, fold=KFold(n_splits=5, random_state=None, shuffle=False), round=4, cross_validation=True, predict=True, fit_kwargs={}, groups=None, refit=False, probability_threshold=None, experiment_custom_tags=None, verbose=False, system=False, add_to_model_list=True, metrics=None, display=<pycaret.internal.display.display.CommonDisplay object at 0x000001EA7A01E8B0>, model_only=True, return_train_score=False, error_score=0.0, kwargs={})
2025-04-09 12:53:37,906:INFO:Checking exceptions
2025-04-09 12:53:37,906:INFO:Importing libraries
2025-04-09 12:53:37,906:INFO:Copying training dataset
2025-04-09 12:53:37,922:INFO:Defining folds
2025-04-09 12:53:37,922:INFO:Declaring metric variables
2025-04-09 12:53:37,922:INFO:Importing untrained model
2025-04-09 12:53:37,922:INFO:Lasso Regression Imported successfully
2025-04-09 12:53:37,922:INFO:Starting cross validation
2025-04-09 12:53:37,922:INFO:Cross validating with KFold(n_splits=5, random_state=None, shuffle=False), n_jobs=-1
2025-04-09 12:53:47,583:INFO:Calculating mean and std
2025-04-09 12:53:47,583:INFO:Creating metrics dataframe
2025-04-09 12:53:47,583:INFO:Uploading results into container
2025-04-09 12:53:47,583:INFO:Uploading model into container now
2025-04-09 12:53:47,583:INFO:_master_model_container: 2
2025-04-09 12:53:47,583:INFO:_display_container: 2
2025-04-09 12:53:47,583:INFO:Lasso(random_state=7288)
2025-04-09 12:53:47,583:INFO:create_model() successfully completed......................................
2025-04-09 12:53:47,708:INFO:SubProcess create_model() end ==================================
2025-04-09 12:53:47,708:INFO:Creating metrics dataframe
2025-04-09 12:53:47,724:INFO:Initializing Ridge Regression
2025-04-09 12:53:47,724:INFO:Total runtime is 0.2569291432698568 minutes
2025-04-09 12:53:47,724:INFO:SubProcess create_model() called ==================================
2025-04-09 12:53:47,724:INFO:Initializing create_model()
2025-04-09 12:53:47,724:INFO:create_model(self=<pycaret.regression.oop.RegressionExperiment object at 0x000001EA79E3ED90>, estimator=ridge, fold=KFold(n_splits=5, random_state=None, shuffle=False), round=4, cross_validation=True, predict=True, fit_kwargs={}, groups=None, refit=False, probability_threshold=None, experiment_custom_tags=None, verbose=False, system=False, add_to_model_list=True, metrics=None, display=<pycaret.internal.display.display.CommonDisplay object at 0x000001EA7A01E8B0>, model_only=True, return_train_score=False, error_score=0.0, kwargs={})
2025-04-09 12:53:47,724:INFO:Checking exceptions
2025-04-09 12:53:47,724:INFO:Importing libraries
2025-04-09 12:53:47,724:INFO:Copying training dataset
2025-04-09 12:53:47,724:INFO:Defining folds
2025-04-09 12:53:47,724:INFO:Declaring metric variables
2025-04-09 12:53:47,724:INFO:Importing untrained model
2025-04-09 12:53:47,724:INFO:Ridge Regression Imported successfully
2025-04-09 12:53:47,740:INFO:Starting cross validation
2025-04-09 12:53:47,740:INFO:Cross validating with KFold(n_splits=5, random_state=None, shuffle=False), n_jobs=-1
2025-04-09 12:53:57,337:INFO:Calculating mean and std
2025-04-09 12:53:57,337:INFO:Creating metrics dataframe
2025-04-09 12:53:57,337:INFO:Uploading results into container
2025-04-09 12:53:57,337:INFO:Uploading model into container now
2025-04-09 12:53:57,337:INFO:_master_model_container: 3
2025-04-09 12:53:57,337:INFO:_display_container: 2
2025-04-09 12:53:57,337:INFO:Ridge(random_state=7288)
2025-04-09 12:53:57,337:INFO:create_model() successfully completed......................................
2025-04-09 12:53:57,462:INFO:SubProcess create_model() end ==================================
2025-04-09 12:53:57,462:INFO:Creating metrics dataframe
2025-04-09 12:53:57,478:INFO:Initializing Elastic Net
2025-04-09 12:53:57,478:INFO:Total runtime is 0.41949675480524695 minutes
2025-04-09 12:53:57,478:INFO:SubProcess create_model() called ==================================
2025-04-09 12:53:57,478:INFO:Initializing create_model()
2025-04-09 12:53:57,478:INFO:create_model(self=<pycaret.regression.oop.RegressionExperiment object at 0x000001EA79E3ED90>, estimator=en, fold=KFold(n_splits=5, random_state=None, shuffle=False), round=4, cross_validation=True, predict=True, fit_kwargs={}, groups=None, refit=False, probability_threshold=None, experiment_custom_tags=None, verbose=False, system=False, add_to_model_list=True, metrics=None, display=<pycaret.internal.display.display.CommonDisplay object at 0x000001EA7A01E8B0>, model_only=True, return_train_score=False, error_score=0.0, kwargs={})
2025-04-09 12:53:57,478:INFO:Checking exceptions
2025-04-09 12:53:57,478:INFO:Importing libraries
2025-04-09 12:53:57,478:INFO:Copying training dataset
2025-04-09 12:53:57,478:INFO:Defining folds
2025-04-09 12:53:57,478:INFO:Declaring metric variables
2025-04-09 12:53:57,478:INFO:Importing untrained model
2025-04-09 12:53:57,478:INFO:Elastic Net Imported successfully
2025-04-09 12:53:57,478:INFO:Starting cross validation
2025-04-09 12:53:57,478:INFO:Cross validating with KFold(n_splits=5, random_state=None, shuffle=False), n_jobs=-1
2025-04-09 12:54:05,293:INFO:Calculating mean and std
2025-04-09 12:54:05,293:INFO:Creating metrics dataframe
2025-04-09 12:54:05,293:INFO:Uploading results into container
2025-04-09 12:54:05,293:INFO:Uploading model into container now
2025-04-09 12:54:05,293:INFO:_master_model_container: 4
2025-04-09 12:54:05,293:INFO:_display_container: 2
2025-04-09 12:54:05,293:INFO:ElasticNet(random_state=7288)
2025-04-09 12:54:05,293:INFO:create_model() successfully completed......................................
2025-04-09 12:54:05,419:INFO:SubProcess create_model() end ==================================
2025-04-09 12:54:05,419:INFO:Creating metrics dataframe
2025-04-09 12:54:05,419:INFO:Initializing Least Angle Regression
2025-04-09 12:54:05,419:INFO:Total runtime is 0.5518383900324504 minutes
2025-04-09 12:54:05,419:INFO:SubProcess create_model() called ==================================
2025-04-09 12:54:05,434:INFO:Initializing create_model()
2025-04-09 12:54:05,434:INFO:create_model(self=<pycaret.regression.oop.RegressionExperiment object at 0x000001EA79E3ED90>, estimator=lar, fold=KFold(n_splits=5, random_state=None, shuffle=False), round=4, cross_validation=True, predict=True, fit_kwargs={}, groups=None, refit=False, probability_threshold=None, experiment_custom_tags=None, verbose=False, system=False, add_to_model_list=True, metrics=None, display=<pycaret.internal.display.display.CommonDisplay object at 0x000001EA7A01E8B0>, model_only=True, return_train_score=False, error_score=0.0, kwargs={})
2025-04-09 12:54:05,434:INFO:Checking exceptions
2025-04-09 12:54:05,434:INFO:Importing libraries
2025-04-09 12:54:05,434:INFO:Copying training dataset
2025-04-09 12:54:05,434:INFO:Defining folds
2025-04-09 12:54:05,434:INFO:Declaring metric variables
2025-04-09 12:54:05,434:INFO:Importing untrained model
2025-04-09 12:54:05,434:INFO:Least Angle Regression Imported successfully
2025-04-09 12:54:05,434:INFO:Starting cross validation
2025-04-09 12:54:05,434:INFO:Cross validating with KFold(n_splits=5, random_state=None, shuffle=False), n_jobs=-1
2025-04-09 12:54:05,513:INFO:Calculating mean and std
2025-04-09 12:54:05,513:INFO:Creating metrics dataframe
2025-04-09 12:54:05,513:INFO:Uploading results into container
2025-04-09 12:54:05,513:INFO:Uploading model into container now
2025-04-09 12:54:05,513:INFO:_master_model_container: 5
2025-04-09 12:54:05,513:INFO:_display_container: 2
2025-04-09 12:54:05,513:INFO:Lars(random_state=7288)
2025-04-09 12:54:05,513:INFO:create_model() successfully completed......................................
2025-04-09 12:54:05,638:INFO:SubProcess create_model() end ==================================
2025-04-09 12:54:05,638:INFO:Creating metrics dataframe
2025-04-09 12:54:05,649:INFO:Initializing Lasso Least Angle Regression
2025-04-09 12:54:05,649:INFO:Total runtime is 0.5556836326917013 minutes
2025-04-09 12:54:05,649:INFO:SubProcess create_model() called ==================================
2025-04-09 12:54:05,649:INFO:Initializing create_model()
2025-04-09 12:54:05,649:INFO:create_model(self=<pycaret.regression.oop.RegressionExperiment object at 0x000001EA79E3ED90>, estimator=llar, fold=KFold(n_splits=5, random_state=None, shuffle=False), round=4, cross_validation=True, predict=True, fit_kwargs={}, groups=None, refit=False, probability_threshold=None, experiment_custom_tags=None, verbose=False, system=False, add_to_model_list=True, metrics=None, display=<pycaret.internal.display.display.CommonDisplay object at 0x000001EA7A01E8B0>, model_only=True, return_train_score=False, error_score=0.0, kwargs={})
2025-04-09 12:54:05,649:INFO:Checking exceptions
2025-04-09 12:54:05,649:INFO:Importing libraries
2025-04-09 12:54:05,649:INFO:Copying training dataset
2025-04-09 12:54:05,654:INFO:Defining folds
2025-04-09 12:54:05,654:INFO:Declaring metric variables
2025-04-09 12:54:05,654:INFO:Importing untrained model
2025-04-09 12:54:05,654:INFO:Lasso Least Angle Regression Imported successfully
2025-04-09 12:54:05,654:INFO:Starting cross validation
2025-04-09 12:54:05,654:INFO:Cross validating with KFold(n_splits=5, random_state=None, shuffle=False), n_jobs=-1
2025-04-09 12:54:05,717:INFO:Calculating mean and std
2025-04-09 12:54:05,717:INFO:Creating metrics dataframe
2025-04-09 12:54:05,717:INFO:Uploading results into container
2025-04-09 12:54:05,717:INFO:Uploading model into container now
2025-04-09 12:54:05,717:INFO:_master_model_container: 6
2025-04-09 12:54:05,717:INFO:_display_container: 2
2025-04-09 12:54:05,717:INFO:LassoLars(random_state=7288)
2025-04-09 12:54:05,717:INFO:create_model() successfully completed......................................
2025-04-09 12:54:05,828:INFO:SubProcess create_model() end ==================================
2025-04-09 12:54:05,828:INFO:Creating metrics dataframe
2025-04-09 12:54:05,843:INFO:Initializing Orthogonal Matching Pursuit
2025-04-09 12:54:05,843:INFO:Total runtime is 0.5589168826738994 minutes
2025-04-09 12:54:05,843:INFO:SubProcess create_model() called ==================================
2025-04-09 12:54:05,843:INFO:Initializing create_model()
2025-04-09 12:54:05,843:INFO:create_model(self=<pycaret.regression.oop.RegressionExperiment object at 0x000001EA79E3ED90>, estimator=omp, fold=KFold(n_splits=5, random_state=None, shuffle=False), round=4, cross_validation=True, predict=True, fit_kwargs={}, groups=None, refit=False, probability_threshold=None, experiment_custom_tags=None, verbose=False, system=False, add_to_model_list=True, metrics=None, display=<pycaret.internal.display.display.CommonDisplay object at 0x000001EA7A01E8B0>, model_only=True, return_train_score=False, error_score=0.0, kwargs={})
2025-04-09 12:54:05,843:INFO:Checking exceptions
2025-04-09 12:54:05,849:INFO:Importing libraries
2025-04-09 12:54:05,849:INFO:Copying training dataset
2025-04-09 12:54:05,849:INFO:Defining folds
2025-04-09 12:54:05,849:INFO:Declaring metric variables
2025-04-09 12:54:05,849:INFO:Importing untrained model
2025-04-09 12:54:05,860:INFO:Orthogonal Matching Pursuit Imported successfully
2025-04-09 12:54:05,860:INFO:Starting cross validation
2025-04-09 12:54:05,860:INFO:Cross validating with KFold(n_splits=5, random_state=None, shuffle=False), n_jobs=-1
2025-04-09 12:54:05,922:INFO:Calculating mean and std
2025-04-09 12:54:05,922:INFO:Creating metrics dataframe
2025-04-09 12:54:05,922:INFO:Uploading results into container
2025-04-09 12:54:05,922:INFO:Uploading model into container now
2025-04-09 12:54:05,922:INFO:_master_model_container: 7
2025-04-09 12:54:05,922:INFO:_display_container: 2
2025-04-09 12:54:05,922:INFO:OrthogonalMatchingPursuit()
2025-04-09 12:54:05,922:INFO:create_model() successfully completed......................................
2025-04-09 12:54:06,032:INFO:SubProcess create_model() end ==================================
2025-04-09 12:54:06,032:INFO:Creating metrics dataframe
2025-04-09 12:54:06,050:INFO:Initializing Bayesian Ridge
2025-04-09 12:54:06,050:INFO:Total runtime is 0.5623623092969259 minutes
2025-04-09 12:54:06,050:INFO:SubProcess create_model() called ==================================
2025-04-09 12:54:06,050:INFO:Initializing create_model()
2025-04-09 12:54:06,050:INFO:create_model(self=<pycaret.regression.oop.RegressionExperiment object at 0x000001EA79E3ED90>, estimator=br, fold=KFold(n_splits=5, random_state=None, shuffle=False), round=4, cross_validation=True, predict=True, fit_kwargs={}, groups=None, refit=False, probability_threshold=None, experiment_custom_tags=None, verbose=False, system=False, add_to_model_list=True, metrics=None, display=<pycaret.internal.display.display.CommonDisplay object at 0x000001EA7A01E8B0>, model_only=True, return_train_score=False, error_score=0.0, kwargs={})
2025-04-09 12:54:06,050:INFO:Checking exceptions
2025-04-09 12:54:06,050:INFO:Importing libraries
2025-04-09 12:54:06,050:INFO:Copying training dataset
2025-04-09 12:54:06,050:INFO:Defining folds
2025-04-09 12:54:06,050:INFO:Declaring metric variables
2025-04-09 12:54:06,064:INFO:Importing untrained model
2025-04-09 12:54:06,064:INFO:Bayesian Ridge Imported successfully
2025-04-09 12:54:06,064:INFO:Starting cross validation
2025-04-09 12:54:06,064:INFO:Cross validating with KFold(n_splits=5, random_state=None, shuffle=False), n_jobs=-1
2025-04-09 12:54:06,159:INFO:Calculating mean and std
2025-04-09 12:54:06,159:INFO:Creating metrics dataframe
2025-04-09 12:54:06,159:INFO:Uploading results into container
2025-04-09 12:54:06,159:INFO:Uploading model into container now
2025-04-09 12:54:06,159:INFO:_master_model_container: 8
2025-04-09 12:54:06,159:INFO:_display_container: 2
2025-04-09 12:54:06,159:INFO:BayesianRidge()
2025-04-09 12:54:06,159:INFO:create_model() successfully completed......................................
2025-04-09 12:54:06,284:INFO:SubProcess create_model() end ==================================
2025-04-09 12:54:06,284:INFO:Creating metrics dataframe
2025-04-09 12:54:06,284:INFO:Initializing Passive Aggressive Regressor
2025-04-09 12:54:06,284:INFO:Total runtime is 0.566264812151591 minutes
2025-04-09 12:54:06,284:INFO:SubProcess create_model() called ==================================
2025-04-09 12:54:06,284:INFO:Initializing create_model()
2025-04-09 12:54:06,284:INFO:create_model(self=<pycaret.regression.oop.RegressionExperiment object at 0x000001EA79E3ED90>, estimator=par, fold=KFold(n_splits=5, random_state=None, shuffle=False), round=4, cross_validation=True, predict=True, fit_kwargs={}, groups=None, refit=False, probability_threshold=None, experiment_custom_tags=None, verbose=False, system=False, add_to_model_list=True, metrics=None, display=<pycaret.internal.display.display.CommonDisplay object at 0x000001EA7A01E8B0>, model_only=True, return_train_score=False, error_score=0.0, kwargs={})
2025-04-09 12:54:06,284:INFO:Checking exceptions
2025-04-09 12:54:06,284:INFO:Importing libraries
2025-04-09 12:54:06,284:INFO:Copying training dataset
2025-04-09 12:54:06,300:INFO:Defining folds
2025-04-09 12:54:06,300:INFO:Declaring metric variables
2025-04-09 12:54:06,300:INFO:Importing untrained model
2025-04-09 12:54:06,300:INFO:Passive Aggressive Regressor Imported successfully
2025-04-09 12:54:06,300:INFO:Starting cross validation
2025-04-09 12:54:06,300:INFO:Cross validating with KFold(n_splits=5, random_state=None, shuffle=False), n_jobs=-1
2025-04-09 12:54:06,351:WARNING:C:\Users\Hp\anaconda3\envs\AutoLLM\lib\site-packages\sklearn\linear_model\_stochastic_gradient.py:1575: ConvergenceWarning: Maximum number of iteration reached before convergence. Consider increasing max_iter to improve the fit.
  warnings.warn(

2025-04-09 12:54:06,351:WARNING:C:\Users\Hp\anaconda3\envs\AutoLLM\lib\site-packages\sklearn\linear_model\_stochastic_gradient.py:1575: ConvergenceWarning: Maximum number of iteration reached before convergence. Consider increasing max_iter to improve the fit.
  warnings.warn(

2025-04-09 12:54:06,351:WARNING:C:\Users\Hp\anaconda3\envs\AutoLLM\lib\site-packages\sklearn\linear_model\_stochastic_gradient.py:1575: ConvergenceWarning: Maximum number of iteration reached before convergence. Consider increasing max_iter to improve the fit.
  warnings.warn(

2025-04-09 12:54:06,379:WARNING:C:\Users\Hp\anaconda3\envs\AutoLLM\lib\site-packages\sklearn\linear_model\_stochastic_gradient.py:1575: ConvergenceWarning: Maximum number of iteration reached before convergence. Consider increasing max_iter to improve the fit.
  warnings.warn(

2025-04-09 12:54:06,394:WARNING:C:\Users\Hp\anaconda3\envs\AutoLLM\lib\site-packages\sklearn\linear_model\_stochastic_gradient.py:1575: ConvergenceWarning: Maximum number of iteration reached before convergence. Consider increasing max_iter to improve the fit.
  warnings.warn(

2025-04-09 12:54:06,426:INFO:Calculating mean and std
2025-04-09 12:54:06,426:INFO:Creating metrics dataframe
2025-04-09 12:54:06,426:INFO:Uploading results into container
2025-04-09 12:54:06,426:INFO:Uploading model into container now
2025-04-09 12:54:06,426:INFO:_master_model_container: 9
2025-04-09 12:54:06,426:INFO:_display_container: 2
2025-04-09 12:54:06,426:INFO:PassiveAggressiveRegressor(random_state=7288)
2025-04-09 12:54:06,426:INFO:create_model() successfully completed......................................
2025-04-09 12:54:06,536:INFO:SubProcess create_model() end ==================================
2025-04-09 12:54:06,536:INFO:Creating metrics dataframe
2025-04-09 12:54:06,552:INFO:Initializing Huber Regressor
2025-04-09 12:54:06,552:INFO:Total runtime is 0.5707244237263998 minutes
2025-04-09 12:54:06,552:INFO:SubProcess create_model() called ==================================
2025-04-09 12:54:06,552:INFO:Initializing create_model()
2025-04-09 12:54:06,552:INFO:create_model(self=<pycaret.regression.oop.RegressionExperiment object at 0x000001EA79E3ED90>, estimator=huber, fold=KFold(n_splits=5, random_state=None, shuffle=False), round=4, cross_validation=True, predict=True, fit_kwargs={}, groups=None, refit=False, probability_threshold=None, experiment_custom_tags=None, verbose=False, system=False, add_to_model_list=True, metrics=None, display=<pycaret.internal.display.display.CommonDisplay object at 0x000001EA7A01E8B0>, model_only=True, return_train_score=False, error_score=0.0, kwargs={})
2025-04-09 12:54:06,552:INFO:Checking exceptions
2025-04-09 12:54:06,552:INFO:Importing libraries
2025-04-09 12:54:06,552:INFO:Copying training dataset
2025-04-09 12:54:06,552:INFO:Defining folds
2025-04-09 12:54:06,567:INFO:Declaring metric variables
2025-04-09 12:54:06,567:INFO:Importing untrained model
2025-04-09 12:54:06,569:INFO:Huber Regressor Imported successfully
2025-04-09 12:54:06,569:INFO:Starting cross validation
2025-04-09 12:54:06,570:INFO:Cross validating with KFold(n_splits=5, random_state=None, shuffle=False), n_jobs=-1
2025-04-09 12:54:06,646:INFO:Calculating mean and std
2025-04-09 12:54:06,646:INFO:Creating metrics dataframe
2025-04-09 12:54:06,646:INFO:Uploading results into container
2025-04-09 12:54:06,652:INFO:Uploading model into container now
2025-04-09 12:54:06,652:INFO:_master_model_container: 10
2025-04-09 12:54:06,652:INFO:_display_container: 2
2025-04-09 12:54:06,652:INFO:HuberRegressor()
2025-04-09 12:54:06,652:INFO:create_model() successfully completed......................................
2025-04-09 12:54:06,757:INFO:SubProcess create_model() end ==================================
2025-04-09 12:54:06,757:INFO:Creating metrics dataframe
2025-04-09 12:54:06,773:INFO:Initializing K Neighbors Regressor
2025-04-09 12:54:06,773:INFO:Total runtime is 0.5744069774945577 minutes
2025-04-09 12:54:06,773:INFO:SubProcess create_model() called ==================================
2025-04-09 12:54:06,773:INFO:Initializing create_model()
2025-04-09 12:54:06,773:INFO:create_model(self=<pycaret.regression.oop.RegressionExperiment object at 0x000001EA79E3ED90>, estimator=knn, fold=KFold(n_splits=5, random_state=None, shuffle=False), round=4, cross_validation=True, predict=True, fit_kwargs={}, groups=None, refit=False, probability_threshold=None, experiment_custom_tags=None, verbose=False, system=False, add_to_model_list=True, metrics=None, display=<pycaret.internal.display.display.CommonDisplay object at 0x000001EA7A01E8B0>, model_only=True, return_train_score=False, error_score=0.0, kwargs={})
2025-04-09 12:54:06,773:INFO:Checking exceptions
2025-04-09 12:54:06,773:INFO:Importing libraries
2025-04-09 12:54:06,773:INFO:Copying training dataset
2025-04-09 12:54:06,773:INFO:Defining folds
2025-04-09 12:54:06,773:INFO:Declaring metric variables
2025-04-09 12:54:06,773:INFO:Importing untrained model
2025-04-09 12:54:06,788:INFO:K Neighbors Regressor Imported successfully
2025-04-09 12:54:06,788:INFO:Starting cross validation
2025-04-09 12:54:06,788:INFO:Cross validating with KFold(n_splits=5, random_state=None, shuffle=False), n_jobs=-1
2025-04-09 12:54:06,899:INFO:Calculating mean and std
2025-04-09 12:54:06,899:INFO:Creating metrics dataframe
2025-04-09 12:54:06,899:INFO:Uploading results into container
2025-04-09 12:54:06,899:INFO:Uploading model into container now
2025-04-09 12:54:06,899:INFO:_master_model_container: 11
2025-04-09 12:54:06,899:INFO:_display_container: 2
2025-04-09 12:54:06,899:INFO:KNeighborsRegressor(n_jobs=-1)
2025-04-09 12:54:06,899:INFO:create_model() successfully completed......................................
2025-04-09 12:54:07,009:INFO:SubProcess create_model() end ==================================
2025-04-09 12:54:07,009:INFO:Creating metrics dataframe
2025-04-09 12:54:07,025:INFO:Initializing Decision Tree Regressor
2025-04-09 12:54:07,025:INFO:Total runtime is 0.5786078572273254 minutes
2025-04-09 12:54:07,025:INFO:SubProcess create_model() called ==================================
2025-04-09 12:54:07,025:INFO:Initializing create_model()
2025-04-09 12:54:07,025:INFO:create_model(self=<pycaret.regression.oop.RegressionExperiment object at 0x000001EA79E3ED90>, estimator=dt, fold=KFold(n_splits=5, random_state=None, shuffle=False), round=4, cross_validation=True, predict=True, fit_kwargs={}, groups=None, refit=False, probability_threshold=None, experiment_custom_tags=None, verbose=False, system=False, add_to_model_list=True, metrics=None, display=<pycaret.internal.display.display.CommonDisplay object at 0x000001EA7A01E8B0>, model_only=True, return_train_score=False, error_score=0.0, kwargs={})
2025-04-09 12:54:07,025:INFO:Checking exceptions
2025-04-09 12:54:07,025:INFO:Importing libraries
2025-04-09 12:54:07,025:INFO:Copying training dataset
2025-04-09 12:54:07,040:INFO:Defining folds
2025-04-09 12:54:07,040:INFO:Declaring metric variables
2025-04-09 12:54:07,040:INFO:Importing untrained model
2025-04-09 12:54:07,040:INFO:Decision Tree Regressor Imported successfully
2025-04-09 12:54:07,040:INFO:Starting cross validation
2025-04-09 12:54:07,040:INFO:Cross validating with KFold(n_splits=5, random_state=None, shuffle=False), n_jobs=-1
2025-04-09 12:54:07,119:INFO:Calculating mean and std
2025-04-09 12:54:07,119:INFO:Creating metrics dataframe
2025-04-09 12:54:07,119:INFO:Uploading results into container
2025-04-09 12:54:07,119:INFO:Uploading model into container now
2025-04-09 12:54:07,119:INFO:_master_model_container: 12
2025-04-09 12:54:07,119:INFO:_display_container: 2
2025-04-09 12:54:07,119:INFO:DecisionTreeRegressor(random_state=7288)
2025-04-09 12:54:07,119:INFO:create_model() successfully completed......................................
2025-04-09 12:54:07,245:INFO:SubProcess create_model() end ==================================
2025-04-09 12:54:07,245:INFO:Creating metrics dataframe
2025-04-09 12:54:07,255:INFO:Initializing Random Forest Regressor
2025-04-09 12:54:07,255:INFO:Total runtime is 0.5824413299560547 minutes
2025-04-09 12:54:07,255:INFO:SubProcess create_model() called ==================================
2025-04-09 12:54:07,255:INFO:Initializing create_model()
2025-04-09 12:54:07,255:INFO:create_model(self=<pycaret.regression.oop.RegressionExperiment object at 0x000001EA79E3ED90>, estimator=rf, fold=KFold(n_splits=5, random_state=None, shuffle=False), round=4, cross_validation=True, predict=True, fit_kwargs={}, groups=None, refit=False, probability_threshold=None, experiment_custom_tags=None, verbose=False, system=False, add_to_model_list=True, metrics=None, display=<pycaret.internal.display.display.CommonDisplay object at 0x000001EA7A01E8B0>, model_only=True, return_train_score=False, error_score=0.0, kwargs={})
2025-04-09 12:54:07,255:INFO:Checking exceptions
2025-04-09 12:54:07,255:INFO:Importing libraries
2025-04-09 12:54:07,255:INFO:Copying training dataset
2025-04-09 12:54:07,261:INFO:Defining folds
2025-04-09 12:54:07,261:INFO:Declaring metric variables
2025-04-09 12:54:07,261:INFO:Importing untrained model
2025-04-09 12:54:07,261:INFO:Random Forest Regressor Imported successfully
2025-04-09 12:54:07,261:INFO:Starting cross validation
2025-04-09 12:54:07,261:INFO:Cross validating with KFold(n_splits=5, random_state=None, shuffle=False), n_jobs=-1
2025-04-09 12:54:07,874:INFO:Calculating mean and std
2025-04-09 12:54:07,874:INFO:Creating metrics dataframe
2025-04-09 12:54:07,874:INFO:Uploading results into container
2025-04-09 12:54:07,874:INFO:Uploading model into container now
2025-04-09 12:54:07,874:INFO:_master_model_container: 13
2025-04-09 12:54:07,874:INFO:_display_container: 2
2025-04-09 12:54:07,874:INFO:RandomForestRegressor(n_jobs=-1, random_state=7288)
2025-04-09 12:54:07,874:INFO:create_model() successfully completed......................................
2025-04-09 12:54:07,984:INFO:SubProcess create_model() end ==================================
2025-04-09 12:54:07,984:INFO:Creating metrics dataframe
2025-04-09 12:54:08,000:INFO:Initializing Extra Trees Regressor
2025-04-09 12:54:08,000:INFO:Total runtime is 0.5948573033014933 minutes
2025-04-09 12:54:08,000:INFO:SubProcess create_model() called ==================================
2025-04-09 12:54:08,000:INFO:Initializing create_model()
2025-04-09 12:54:08,000:INFO:create_model(self=<pycaret.regression.oop.RegressionExperiment object at 0x000001EA79E3ED90>, estimator=et, fold=KFold(n_splits=5, random_state=None, shuffle=False), round=4, cross_validation=True, predict=True, fit_kwargs={}, groups=None, refit=False, probability_threshold=None, experiment_custom_tags=None, verbose=False, system=False, add_to_model_list=True, metrics=None, display=<pycaret.internal.display.display.CommonDisplay object at 0x000001EA7A01E8B0>, model_only=True, return_train_score=False, error_score=0.0, kwargs={})
2025-04-09 12:54:08,000:INFO:Checking exceptions
2025-04-09 12:54:08,000:INFO:Importing libraries
2025-04-09 12:54:08,000:INFO:Copying training dataset
2025-04-09 12:54:08,000:INFO:Defining folds
2025-04-09 12:54:08,000:INFO:Declaring metric variables
2025-04-09 12:54:08,000:INFO:Importing untrained model
2025-04-09 12:54:08,015:INFO:Extra Trees Regressor Imported successfully
2025-04-09 12:54:08,015:INFO:Starting cross validation
2025-04-09 12:54:08,015:INFO:Cross validating with KFold(n_splits=5, random_state=None, shuffle=False), n_jobs=-1
2025-04-09 12:54:08,440:INFO:Calculating mean and std
2025-04-09 12:54:08,440:INFO:Creating metrics dataframe
2025-04-09 12:54:08,440:INFO:Uploading results into container
2025-04-09 12:54:08,440:INFO:Uploading model into container now
2025-04-09 12:54:08,440:INFO:_master_model_container: 14
2025-04-09 12:54:08,440:INFO:_display_container: 2
2025-04-09 12:54:08,440:INFO:ExtraTreesRegressor(n_jobs=-1, random_state=7288)
2025-04-09 12:54:08,440:INFO:create_model() successfully completed......................................
2025-04-09 12:54:08,559:INFO:SubProcess create_model() end ==================================
2025-04-09 12:54:08,559:INFO:Creating metrics dataframe
2025-04-09 12:54:08,567:INFO:Initializing AdaBoost Regressor
2025-04-09 12:54:08,567:INFO:Total runtime is 0.604309622446696 minutes
2025-04-09 12:54:08,567:INFO:SubProcess create_model() called ==================================
2025-04-09 12:54:08,567:INFO:Initializing create_model()
2025-04-09 12:54:08,567:INFO:create_model(self=<pycaret.regression.oop.RegressionExperiment object at 0x000001EA79E3ED90>, estimator=ada, fold=KFold(n_splits=5, random_state=None, shuffle=False), round=4, cross_validation=True, predict=True, fit_kwargs={}, groups=None, refit=False, probability_threshold=None, experiment_custom_tags=None, verbose=False, system=False, add_to_model_list=True, metrics=None, display=<pycaret.internal.display.display.CommonDisplay object at 0x000001EA7A01E8B0>, model_only=True, return_train_score=False, error_score=0.0, kwargs={})
2025-04-09 12:54:08,567:INFO:Checking exceptions
2025-04-09 12:54:08,567:INFO:Importing libraries
2025-04-09 12:54:08,567:INFO:Copying training dataset
2025-04-09 12:54:08,567:INFO:Defining folds
2025-04-09 12:54:08,567:INFO:Declaring metric variables
2025-04-09 12:54:08,567:INFO:Importing untrained model
2025-04-09 12:54:08,567:INFO:AdaBoost Regressor Imported successfully
2025-04-09 12:54:08,567:INFO:Starting cross validation
2025-04-09 12:54:08,583:INFO:Cross validating with KFold(n_splits=5, random_state=None, shuffle=False), n_jobs=-1
2025-04-09 12:54:08,849:INFO:Calculating mean and std
2025-04-09 12:54:08,849:INFO:Creating metrics dataframe
2025-04-09 12:54:08,849:INFO:Uploading results into container
2025-04-09 12:54:08,849:INFO:Uploading model into container now
2025-04-09 12:54:08,849:INFO:_master_model_container: 15
2025-04-09 12:54:08,849:INFO:_display_container: 2
2025-04-09 12:54:08,849:INFO:AdaBoostRegressor(random_state=7288)
2025-04-09 12:54:08,849:INFO:create_model() successfully completed......................................
2025-04-09 12:54:08,976:INFO:SubProcess create_model() end ==================================
2025-04-09 12:54:08,976:INFO:Creating metrics dataframe
2025-04-09 12:54:08,976:INFO:Initializing Gradient Boosting Regressor
2025-04-09 12:54:08,976:INFO:Total runtime is 0.611121133963267 minutes
2025-04-09 12:54:08,976:INFO:SubProcess create_model() called ==================================
2025-04-09 12:54:08,976:INFO:Initializing create_model()
2025-04-09 12:54:08,976:INFO:create_model(self=<pycaret.regression.oop.RegressionExperiment object at 0x000001EA79E3ED90>, estimator=gbr, fold=KFold(n_splits=5, random_state=None, shuffle=False), round=4, cross_validation=True, predict=True, fit_kwargs={}, groups=None, refit=False, probability_threshold=None, experiment_custom_tags=None, verbose=False, system=False, add_to_model_list=True, metrics=None, display=<pycaret.internal.display.display.CommonDisplay object at 0x000001EA7A01E8B0>, model_only=True, return_train_score=False, error_score=0.0, kwargs={})
2025-04-09 12:54:08,976:INFO:Checking exceptions
2025-04-09 12:54:08,976:INFO:Importing libraries
2025-04-09 12:54:08,976:INFO:Copying training dataset
2025-04-09 12:54:08,991:INFO:Defining folds
2025-04-09 12:54:08,991:INFO:Declaring metric variables
2025-04-09 12:54:08,991:INFO:Importing untrained model
2025-04-09 12:54:08,991:INFO:Gradient Boosting Regressor Imported successfully
2025-04-09 12:54:08,991:INFO:Starting cross validation
2025-04-09 12:54:08,991:INFO:Cross validating with KFold(n_splits=5, random_state=None, shuffle=False), n_jobs=-1
2025-04-09 12:54:09,369:INFO:Calculating mean and std
2025-04-09 12:54:09,369:INFO:Creating metrics dataframe
2025-04-09 12:54:09,369:INFO:Uploading results into container
2025-04-09 12:54:09,369:INFO:Uploading model into container now
2025-04-09 12:54:09,369:INFO:_master_model_container: 16
2025-04-09 12:54:09,369:INFO:_display_container: 2
2025-04-09 12:54:09,369:INFO:GradientBoostingRegressor(random_state=7288)
2025-04-09 12:54:09,369:INFO:create_model() successfully completed......................................
2025-04-09 12:54:09,480:INFO:SubProcess create_model() end ==================================
2025-04-09 12:54:09,480:INFO:Creating metrics dataframe
2025-04-09 12:54:09,480:INFO:Initializing Light Gradient Boosting Machine
2025-04-09 12:54:09,480:INFO:Total runtime is 0.6195285638173421 minutes
2025-04-09 12:54:09,480:INFO:SubProcess create_model() called ==================================
2025-04-09 12:54:09,480:INFO:Initializing create_model()
2025-04-09 12:54:09,480:INFO:create_model(self=<pycaret.regression.oop.RegressionExperiment object at 0x000001EA79E3ED90>, estimator=lightgbm, fold=KFold(n_splits=5, random_state=None, shuffle=False), round=4, cross_validation=True, predict=True, fit_kwargs={}, groups=None, refit=False, probability_threshold=None, experiment_custom_tags=None, verbose=False, system=False, add_to_model_list=True, metrics=None, display=<pycaret.internal.display.display.CommonDisplay object at 0x000001EA7A01E8B0>, model_only=True, return_train_score=False, error_score=0.0, kwargs={})
2025-04-09 12:54:09,480:INFO:Checking exceptions
2025-04-09 12:54:09,480:INFO:Importing libraries
2025-04-09 12:54:09,480:INFO:Copying training dataset
2025-04-09 12:54:09,495:INFO:Defining folds
2025-04-09 12:54:09,495:INFO:Declaring metric variables
2025-04-09 12:54:09,495:INFO:Importing untrained model
2025-04-09 12:54:09,495:INFO:Light Gradient Boosting Machine Imported successfully
2025-04-09 12:54:09,495:INFO:Starting cross validation
2025-04-09 12:54:09,495:INFO:Cross validating with KFold(n_splits=5, random_state=None, shuffle=False), n_jobs=-1
2025-04-09 12:54:11,413:INFO:Calculating mean and std
2025-04-09 12:54:11,413:INFO:Creating metrics dataframe
2025-04-09 12:54:11,413:INFO:Uploading results into container
2025-04-09 12:54:11,413:INFO:Uploading model into container now
2025-04-09 12:54:11,413:INFO:_master_model_container: 17
2025-04-09 12:54:11,413:INFO:_display_container: 2
2025-04-09 12:54:11,413:INFO:LGBMRegressor(n_jobs=-1, random_state=7288)
2025-04-09 12:54:11,413:INFO:create_model() successfully completed......................................
2025-04-09 12:54:11,539:INFO:SubProcess create_model() end ==================================
2025-04-09 12:54:11,539:INFO:Creating metrics dataframe
2025-04-09 12:54:11,539:INFO:Initializing Dummy Regressor
2025-04-09 12:54:11,539:INFO:Total runtime is 0.6538516958554585 minutes
2025-04-09 12:54:11,539:INFO:SubProcess create_model() called ==================================
2025-04-09 12:54:11,539:INFO:Initializing create_model()
2025-04-09 12:54:11,539:INFO:create_model(self=<pycaret.regression.oop.RegressionExperiment object at 0x000001EA79E3ED90>, estimator=dummy, fold=KFold(n_splits=5, random_state=None, shuffle=False), round=4, cross_validation=True, predict=True, fit_kwargs={}, groups=None, refit=False, probability_threshold=None, experiment_custom_tags=None, verbose=False, system=False, add_to_model_list=True, metrics=None, display=<pycaret.internal.display.display.CommonDisplay object at 0x000001EA7A01E8B0>, model_only=True, return_train_score=False, error_score=0.0, kwargs={})
2025-04-09 12:54:11,539:INFO:Checking exceptions
2025-04-09 12:54:11,539:INFO:Importing libraries
2025-04-09 12:54:11,539:INFO:Copying training dataset
2025-04-09 12:54:11,555:INFO:Defining folds
2025-04-09 12:54:11,555:INFO:Declaring metric variables
2025-04-09 12:54:11,555:INFO:Importing untrained model
2025-04-09 12:54:11,555:INFO:Dummy Regressor Imported successfully
2025-04-09 12:54:11,555:INFO:Starting cross validation
2025-04-09 12:54:11,555:INFO:Cross validating with KFold(n_splits=5, random_state=None, shuffle=False), n_jobs=-1
2025-04-09 12:54:11,611:INFO:Calculating mean and std
2025-04-09 12:54:11,611:INFO:Creating metrics dataframe
2025-04-09 12:54:11,611:INFO:Uploading results into container
2025-04-09 12:54:11,611:INFO:Uploading model into container now
2025-04-09 12:54:11,611:INFO:_master_model_container: 18
2025-04-09 12:54:11,611:INFO:_display_container: 2
2025-04-09 12:54:11,611:INFO:DummyRegressor()
2025-04-09 12:54:11,611:INFO:create_model() successfully completed......................................
2025-04-09 12:54:11,741:INFO:SubProcess create_model() end ==================================
2025-04-09 12:54:11,741:INFO:Creating metrics dataframe
2025-04-09 12:54:11,751:INFO:Initializing create_model()
2025-04-09 12:54:11,751:INFO:create_model(self=<pycaret.regression.oop.RegressionExperiment object at 0x000001EA79E3ED90>, estimator=LinearRegression(n_jobs=-1), fold=KFold(n_splits=5, random_state=None, shuffle=False), round=4, cross_validation=False, predict=False, fit_kwargs={}, groups=None, refit=True, probability_threshold=None, experiment_custom_tags=None, verbose=False, system=False, add_to_model_list=True, metrics=None, display=None, model_only=True, return_train_score=False, error_score=0.0, kwargs={})
2025-04-09 12:54:11,751:INFO:Checking exceptions
2025-04-09 12:54:11,751:INFO:Importing libraries
2025-04-09 12:54:11,751:INFO:Copying training dataset
2025-04-09 12:54:11,761:INFO:Defining folds
2025-04-09 12:54:11,761:INFO:Declaring metric variables
2025-04-09 12:54:11,761:INFO:Importing untrained model
2025-04-09 12:54:11,761:INFO:Declaring custom model
2025-04-09 12:54:11,768:INFO:Linear Regression Imported successfully
2025-04-09 12:54:11,768:INFO:Cross validation set to False
2025-04-09 12:54:11,768:INFO:Fitting Model
2025-04-09 12:54:11,782:INFO:LinearRegression(n_jobs=-1)
2025-04-09 12:54:11,782:INFO:create_model() successfully completed......................................
2025-04-09 12:54:11,952:INFO:_master_model_container: 18
2025-04-09 12:54:11,952:INFO:_display_container: 2
2025-04-09 12:54:11,952:INFO:LinearRegression(n_jobs=-1)
2025-04-09 12:54:11,952:INFO:compare_models() successfully completed......................................
2025-04-09 12:55:31,807:WARNING:
'cuml' is a soft dependency and not included in the pycaret installation. Please run: `pip install cuml` to install.
2025-04-09 12:55:31,807:WARNING:
'cuml' is a soft dependency and not included in the pycaret installation. Please run: `pip install cuml` to install.
2025-04-09 12:55:31,807:WARNING:
'cuml' is a soft dependency and not included in the pycaret installation. Please run: `pip install cuml` to install.
2025-04-09 12:55:31,807:WARNING:
'cuml' is a soft dependency and not included in the pycaret installation. Please run: `pip install cuml` to install.
